2020-02-10T02:59:58.164Z - info:   [28204] *** FOLDER: d:\深度学习资料\Dive-into-DL-PyTorch-master ***
2020-02-10T02:59:58.164Z - info:   [28204] AzureReposVSCode/1.161.0 (VSCode 1.41.1; Windows_NT 10.0.18362; Node 12.4.0)
2020-02-10T02:59:58.168Z - warn:   [28204] TFVC Couldn't find where the TF command lives on disk.
2020-02-10T02:59:58.168Z - error:  [28204] The path to the TFVC command line (including filename) was not found in the user settings. Please set this value (tfvc.location) and try again.
2020-02-10T03:16:13.936Z - info:   [28204] *** FOLDER: d:\深度学习资料\Dive-into-DL-PyTorch-master ***
2020-02-10T03:16:13.938Z - info:   [28204] AzureReposVSCode/1.161.0 (VSCode 1.41.1; Windows_NT 10.0.18362; Node 12.4.0)
2020-02-10T03:16:13.959Z - warn:   [28204] TFVC Couldn't find where the TF command lives on disk.
2020-02-10T03:16:13.968Z - error:  [28204] The path to the TFVC command line (including filename) was not found in the user settings. Please set this value (tfvc.location) and try again.
2020-02-10T03:21:44.043Z - info:   [28204] *** FOLDER: d:\深度学习资料\Dive-into-DL-PyTorch-master ***
2020-02-10T03:21:44.044Z - info:   [28204] AzureReposVSCode/1.161.0 (VSCode 1.41.1; Windows_NT 10.0.18362; Node 12.4.0)
2020-02-10T03:21:44.121Z - warn:   [28204] TFVC Couldn't find where the TF command lives on disk.
2020-02-10T03:21:44.128Z - error:  [28204] The path to the TFVC command line (including filename) was not found in the user settings. Please set this value (tfvc.location) and try again.
2020-02-10T03:22:08.681Z - info:   [28204] *** FOLDER: d:\深度学习资料\Dive-into-DL-PyTorch-master ***
2020-02-10T03:22:08.682Z - info:   [28204] AzureReposVSCode/1.161.0 (VSCode 1.41.1; Windows_NT 10.0.18362; Node 12.4.0)
2020-02-10T03:22:08.763Z - warn:   [28204] TFVC Couldn't find where the TF command lives on disk.
2020-02-10T03:22:08.770Z - error:  [28204] The path to the TFVC command line (including filename) was not found in the user settings. Please set this value (tfvc.location) and try again.
2020-02-10T03:22:25.574Z - info:   [28204] *** FOLDER: d:\深度学习资料\Dive-into-DL-PyTorch-master ***
2020-02-10T03:22:25.574Z - info:   [28204] AzureReposVSCode/1.161.0 (VSCode 1.41.1; Windows_NT 10.0.18362; Node 12.4.0)
2020-02-10T03:22:25.801Z - warn:   [28204] TFVC Couldn't find where the TF command lives on disk.
2020-02-10T03:22:25.808Z - error:  [28204] The path to the TFVC command line (including filename) was not found in the user settings. Please set this value (tfvc.location) and try again.
2020-02-10T03:22:37.612Z - info:   [28204] *** FOLDER: d:\深度学习资料\Dive-into-DL-PyTorch-master ***
2020-02-10T03:22:37.612Z - info:   [28204] AzureReposVSCode/1.161.0 (VSCode 1.41.1; Windows_NT 10.0.18362; Node 12.4.0)
2020-02-10T03:22:37.707Z - warn:   [28204] TFVC Couldn't find where the TF command lives on disk.
2020-02-10T03:22:37.713Z - error:  [28204] The path to the TFVC command line (including filename) was not found in the user settings. Please set this value (tfvc.location) and try again.
2020-02-10T03:22:44.589Z - info:   [28204] *** FOLDER: d:\深度学习资料\Dive-into-DL-PyTorch-master ***
2020-02-10T03:22:44.589Z - info:   [28204] AzureReposVSCode/1.161.0 (VSCode 1.41.1; Windows_NT 10.0.18362; Node 12.4.0)
2020-02-10T03:22:44.673Z - warn:   [28204] TFVC Couldn't find where the TF command lives on disk.
2020-02-10T03:22:44.679Z - error:  [28204] The path to the TFVC command line (including filename) was not found in the user settings. Please set this value (tfvc.location) and try again.
2020-02-10T03:23:37.140Z - info:   [28204] *** FOLDER: d:\深度学习资料\Dive-into-DL-PyTorch-master ***
2020-02-10T03:23:37.140Z - info:   [28204] AzureReposVSCode/1.161.0 (VSCode 1.41.1; Windows_NT 10.0.18362; Node 12.4.0)
2020-02-10T03:23:37.223Z - warn:   [28204] TFVC Couldn't find where the TF command lives on disk.
2020-02-10T03:23:37.229Z - error:  [28204] The path to the TFVC command line (including filename) was not found in the user settings. Please set this value (tfvc.location) and try again.
2020-02-11T09:14:50.645Z - info:   [21804] *** FOLDER: d:\Deeplearning\Dive-into-DL-PyTorch-master ***
2020-02-11T09:14:50.646Z - info:   [21804] AzureReposVSCode/1.161.0 (VSCode 1.42.0; Windows_NT 10.0.18362; Node 12.4.0)
2020-02-11T09:14:50.647Z - warn:   [21804] TFVC Couldn't find where the TF command lives on disk.
2020-02-11T09:14:50.647Z - error:  [21804] The path to the TFVC command line (including filename) was not found in the user settings. Please set this value (tfvc.location) and try again.
